<?xml version="1.0" encoding="utf-8"?><testsuites name="pytest tests"><testsuite name="pytest" errors="0" failures="0" skipped="0" tests="391" time="13.644" timestamp="2026-09-14T08:17:39.419715+02:00" hostname="safe-Super-Server"><testcase classname="tests.test_acceptance" name="test_complete_validated_record_is_eligible" time="0.076" /><testcase classname="tests.test_acceptance" name="test_successful_execution_requires_content_and_computes_geometry_validation" time="0.052" /><testcase classname="tests.test_acceptance" name="test_every_stage_flag_blocks_training_without_changing_execution_status[0]" time="0.051" /><testcase classname="tests.test_acceptance" name="test_every_stage_flag_blocks_training_without_changing_execution_status[1]" time="0.051" /><testcase classname="tests.test_acceptance" name="test_every_stage_flag_blocks_training_without_changing_execution_status[2]" time="0.051" /><testcase classname="tests.test_acceptance" name="test_every_stage_flag_blocks_training_without_changing_execution_status[3]" time="0.050" /><testcase classname="tests.test_acceptance" name="test_every_stage_flag_blocks_training_without_changing_execution_status[4]" time="0.050" /><testcase classname="tests.test_acceptance" name="test_noncompleted_rows_receive_nonaccepted_records[stage0-error]" time="0.048" /><testcase classname="tests.test_acceptance" name="test_noncompleted_rows_receive_nonaccepted_records[stage4-error]" time="0.048" /><testcase classname="tests.test_acceptance" name="test_noncompleted_rows_receive_nonaccepted_records[quality_gate_stage2-rejected]" time="0.048" /><testcase classname="tests.test_acceptance" name="test_noncompleted_rows_receive_nonaccepted_records[ok_stage2-review]" time="0.046" /><testcase classname="tests.test_acceptance" name="test_missing_required_artifacts_fail_closed[vectors/F1.dxf]" time="0.049" /><testcase classname="tests.test_acceptance" name="test_missing_required_artifacts_fail_closed[graphs/F1_graph.json]" time="0.048" /><testcase classname="tests.test_acceptance" name="test_missing_required_artifacts_fail_closed[references/F1_references.json]" time="0.049" /><testcase classname="tests.test_acceptance" name="test_valid_svg_cannot_hide_failed_dxf" time="0.064" /><testcase classname="tests.test_acceptance" name="test_empty_or_invalid_primitives_are_not_counted_as_exported[primitive0]" time="0.252" /><testcase classname="tests.test_acceptance" name="test_empty_or_invalid_primitives_are_not_counted_as_exported[primitive1]" time="0.092" /><testcase classname="tests.test_acceptance" name="test_empty_or_invalid_primitives_are_not_counted_as_exported[primitive2]" time="0.094" /><testcase classname="tests.test_acceptance" name="test_empty_or_invalid_primitives_are_not_counted_as_exported[primitive3]" time="0.097" /><testcase classname="tests.test_acceptance" name="test_empty_or_invalid_primitives_are_not_counted_as_exported[primitive4]" time="0.092" /><testcase classname="tests.test_acceptance" name="test_empty_or_invalid_primitives_are_not_counted_as_exported[primitive5]" time="0.090" /><testcase classname="tests.test_acceptance" name="test_compound_path_can_emit_multiple_dxf_entities_for_one_source_item" time="0.097" /><testcase classname="tests.test_acceptance" name="test_supplied_geometry_pass_cannot_override_measured_failure" time="0.095" /><testcase classname="tests.test_acceptance" name="test_changed_geometry_report_blocks_training" time="0.052" /><testcase classname="tests.test_acceptance" name="test_malformed_serialized_svg_is_detected" time="0.083" /><testcase classname="tests.test_acceptance" name="test_hatch_coverage_cannot_be_claimed_without_ownership" time="0.051" /><testcase classname="tests.test_acceptance" name="test_known_reference_and_leader_are_accounted_independently" time="0.101" /><testcase classname="tests.test_acceptance" name="test_unknown_dxf_text_is_review_not_fabricated_acceptance" time="0.098" /><testcase classname="tests.test_acceptance" name="test_dropped_dxf_annotation_cannot_pass_with_complete_primitives" time="0.097" /><testcase classname="tests.test_acceptance" name="test_missing_crop_cannot_be_hidden_by_known_text_fallback" time="0.162" /><testcase classname="tests.test_acceptance" name="test_lost_reference_attachment_is_detected_even_when_exports_are_valid" time="0.141" /><testcase classname="tests.test_acceptance" name="test_missing_compound_segment_is_recorded_as_partial_failure" time="0.093" /><testcase classname="tests.test_acceptance" name="test_blank_svg_cannot_pass_serialization_check" time="0.091" /><testcase classname="tests.test_acceptance" name="test_dxf_entity_lost_during_serialization_is_not_hidden_by_created_count" time="0.119" /><testcase classname="tests.test_acceptance" name="test_unknown_label_does_not_hide_missing_leader" time="0.100" /><testcase classname="tests.test_acceptance" name="test_unversioned_pass_is_not_a_validation_result" time="0.052" /><testcase classname="tests.test_acceptance" name="test_manifest_rechecks_acceptance_provenance[artifact-acceptance_artifact_changed]" time="0.051" /><testcase classname="tests.test_acceptance" name="test_manifest_rechecks_acceptance_provenance[row-acceptance_row_mismatch]" time="0.051" /><testcase classname="tests.test_acceptance" name="test_manifest_rechecks_acceptance_provenance[report-acceptance_record_hash_mismatch]" time="0.050" /><testcase classname="tests.test_acceptance" name="test_manifest_rechecks_acceptance_provenance[identity-acceptance_deployment_mismatch]" time="0.051" /><testcase classname="tests.test_acceptance" name="test_manifest_rechecks_acceptance_provenance[policy-acceptance_policy_mismatch]" time="0.051" /><testcase classname="tests.test_acceptance" name="test_manifest_rechecks_acceptance_provenance[missing-acceptance_missing]" time="0.052" /><testcase classname="tests.test_acceptance" name="test_batch_wrapper_records_stage0_warning_and_pending_checks" time="0.050" /><testcase classname="tests.test_acceptance" name="test_database_migration_does_not_grandfather_old_ok_rows" time="0.009" /><testcase classname="tests.test_acceptance" name="test_reprocessing_invalidates_previous_acceptance_before_workers_start" time="0.057" /><testcase classname="tests.test_acceptance" name="test_training_manifest_cannot_bypass_acceptance_with_permissive_curation[True]" time="0.056" /><testcase classname="tests.test_acceptance" name="test_training_manifest_cannot_bypass_acceptance_with_permissive_curation[False]" time="0.059" /><testcase classname="tests.test_analyze_d2c_stage3_policy" name="test_policy_analysis_pairs_rows_and_classifies_promotions" time="0.006" /><testcase classname="tests.test_analyze_d2c_stage3_policy" name="test_policy_analysis_separates_chamfer_tradeoff_from_primary_failure" time="0.006" /><testcase classname="tests.test_batch_run_sampling" name="test_limit_after_filter_returns_requested_kept_count" time="0.002" /><testcase classname="tests.test_batch_run_sampling" name="test_stage_limited_terminal_status_is_successful" time="0.001" /><testcase classname="tests.test_batch_run_sampling" name="test_stratified_filter_uses_first_kept_tif_per_patent" time="0.001" /><testcase classname="tests.test_batch_run_sampling" name="test_preprocessing_config_ignores_stage2_model_changes" time="0.001" /><testcase classname="tests.test_batch_run_sampling" name="test_source_worklist_replays_exact_rows_in_stable_order" time="0.004" /><testcase classname="tests.test_batch_run_sampling" name="test_manifest_worklist_preserves_order_and_derives_input_paths" time="0.002" /><testcase classname="tests.test_batch_run_sampling" name="test_manifest_worklist_rejects_duplicate_figure_identity" time="0.001" /><testcase classname="tests.test_batch_run_sampling" name="test_copy_reused_preprocessing_materialises_self_contained_paths" time="0.006" /><testcase classname="tests.test_batch_run_sampling" name="test_reused_preprocessing_preserves_source_terminal_failure" time="0.004" /><testcase classname="tests.test_compact_hatches" name="test_hatch_bundle_preserves_each_stroke_and_budget_without_bridges" time="0.009" /><testcase classname="tests.test_compact_hatches" name="test_hatch_bundle_cannot_hide_wrong_per_stroke_ownership_with_union_support" time="0.006" /><testcase classname="tests.test_compact_hatches" name="test_bad_bundle_is_rejected[missing]" time="0.006" /><testcase classname="tests.test_compact_hatches" name="test_bad_bundle_is_rejected[duplicate]" time="0.004" /><testcase classname="tests.test_compact_hatches" name="test_bad_bundle_is_rejected[nan]" time="0.004" /><testcase classname="tests.test_compact_hatches" name="test_bad_bundle_is_rejected[zero_length]" time="0.004" /><testcase classname="tests.test_compact_hatches" name="test_bundle_scaling_and_no_input_mutation" time="0.007" /><testcase classname="tests.test_compact_hatches" name="test_svg_dxf_keep_disconnected_strokes_and_verify_serialized_geometry[basic]" time="0.090" /><testcase classname="tests.test_compact_hatches" name="test_svg_dxf_keep_disconnected_strokes_and_verify_serialized_geometry[patent]" time="0.282" /><testcase classname="tests.test_compact_hatches" name="test_bundle_limits_and_ownership_remain_explicit" time="0.076" /><testcase classname="tests.test_compact_hatches" name="test_serialized_svg_connector_insertion_is_detected" time="0.031" /><testcase classname="tests.test_compact_hatches" name="test_large_bundle_collection_does_not_evade_existing_primitive_limit" time="0.709" /><testcase classname="tests.test_compact_hatches" name="test_missing_mapped_stroke_is_not_hidden_by_remaining_bundle" time="0.074" /><testcase classname="tests.test_compare_patent_runs" name="test_compare_reports_paired_direction_and_preprocessing_identity" time="0.013" /><testcase classname="tests.test_compare_patent_runs" name="test_csv_schema_includes_fields_missing_from_first_row" time="0.002" /><testcase classname="tests.test_d2c_compare" name="test_d2c_schema_migrates_topology_columns" time="0.005" /><testcase classname="tests.test_d2c_compare" name="test_compare_d2c_runs_uses_only_paired_ok_rows" time="0.007" /><testcase classname="tests.test_d2c_stage3_dataset" name="test_svg_parser_preserves_line_and_cubic_commands" time="0.002" /><testcase classname="tests.test_d2c_stage3_dataset" name="test_multiple_linear_source_segments_label_a_bent_edge_polyline" time="0.001" /><testcase classname="tests.test_d2c_stage3_dataset" name="test_circular_svg_cubics_are_not_mislabelled_bezier" time="0.002" /><testcase classname="tests.test_d2c_stage3_dataset" name="test_non_circular_cubic_is_labelled_bezier" time="0.002" /><testcase classname="tests.test_d2c_stage3_dataset" name="test_closed_scanline_pixels_are_reordered_into_a_local_walk" time="0.004" /><testcase classname="tests.test_deployment" name="test_batch_rejects_invalid_execution_arguments[arguments0---workers must be positive]" time="0.003" /><testcase classname="tests.test_deployment" name="test_batch_rejects_invalid_execution_arguments[arguments1-filter manifest does not exist]" time="0.004" /><testcase classname="tests.test_deployment" name="test_preflight_validates_weights_and_records_resolved_configuration" time="0.006" /><testcase classname="tests.test_deployment" name="test_preflight_rejects_changed_checkpoint_bytes" time="0.004" /><testcase classname="tests.test_deployment" name="test_preflight_rejects_missing_required_weight" time="0.004" /><testcase classname="tests.test_deployment" name="test_binary_pipeline_can_preflight_without_optional_cleaner" time="0.005" /><testcase classname="tests.test_deployment" name="test_device_override_is_logged_but_behavior_override_is_rejected" time="0.008" /><testcase classname="tests.test_deployment" name="test_resume_requires_matching_code_and_model_identity" time="0.002" /><testcase classname="tests.test_deployment" name="test_legacy_nonempty_database_cannot_be_adopted_as_validated" time="0.003" /><testcase classname="tests.test_deployment" name="test_strict_stage1_allows_binary_passthrough_without_cleaner" time="0.003" /><testcase classname="tests.test_deployment" name="test_strict_stage0_refuses_missing_ocr_dependency" time="0.001" /><testcase classname="tests.test_deployment" name="test_strict_stage1_refuses_missing_model_for_grayscale" time="0.002" /><testcase classname="tests.test_deployment" name="test_strict_stage1_refuses_inference_fallback" time="0.002" /><testcase classname="tests.test_deployment" name="test_strict_stage2_requires_models" time="0.001" /><testcase classname="tests.test_deployment" name="test_strict_stage2_refuses_keypoint_inference_fallback" time="0.002" /><testcase classname="tests.test_deployment" name="test_strict_stage2_refuses_hatch_inference_fallback" time="0.101" /><testcase classname="tests.test_free2cad_arc_encoding" name="test_three_point_targets_come_from_ordered_stroke" time="0.002" /><testcase classname="tests.test_free2cad_arc_encoding" name="test_three_point_decode_recovers_quarter_circle" time="0.001" /><testcase classname="tests.test_free2cad_arc_encoding" name="test_closed_polyline_decode_repeats_first_ordered_point" time="0.001" /><testcase classname="tests.test_free2cad_arc_encoding" name="test_dense_straight_edge_uses_geometric_line_fast_path" time="0.001" /><testcase classname="tests.test_free2cad_arc_encoding" name="test_sqrt_class_weights_reduce_rare_class_overweighting" time="0.001" /><testcase classname="tests.test_free2cad_arc_encoding" name="test_four_class_checkpoint_warm_starts_five_class_head" time="0.010" /><testcase classname="tests.test_free2cad_arc_encoding" name="test_inconsistent_full_circle_targets_are_filtered" time="0.001" /><testcase classname="tests.test_free2cad_arc_encoding" name="test_raster_straight_arc_targets_are_relabelled_as_lines" time="0.001" /><testcase classname="tests.test_free2cad_arc_encoding" name="test_stroke_residual_is_zero_for_exact_primitives" time="0.001" /><testcase classname="tests.test_free2cad_arc_encoding" name="test_streaming_scan_uses_post_cleaning_labels" time="0.004" /><testcase classname="tests.test_free2cad_mixed_dataset" name="test_auto_target_uses_larger_d2c_rare_class_supply" time="0.001" /><testcase classname="tests.test_free2cad_mixed_dataset" name="test_analytic_allocation_prefers_sketchgraphs_but_fills_supply_gap" time="0.001" /><testcase classname="tests.test_free2cad_mixed_dataset" name="test_polyline_and_bezier_supply_comes_only_from_drawing2cad" time="0.001" /><testcase classname="tests.test_free2cad_mixed_dataset" name="test_training_visibility_matches_circle_and_arc_cleaning_contract" time="0.001" /><testcase classname="tests.test_geometry_validation" name="test_supported_geometry_passes_at_multiple_stage2_scales[line-1.0]" time="0.003" /><testcase classname="tests.test_geometry_validation" name="test_supported_geometry_passes_at_multiple_stage2_scales[line-0.5]" time="0.003" /><testcase classname="tests.test_geometry_validation" name="test_supported_geometry_passes_at_multiple_stage2_scales[line-0.25]" time="0.003" /><testcase classname="tests.test_geometry_validation" name="test_supported_geometry_passes_at_multiple_stage2_scales[circle-1.0]" time="0.006" /><testcase classname="tests.test_geometry_validation" name="test_supported_geometry_passes_at_multiple_stage2_scales[circle-0.5]" time="0.005" /><testcase classname="tests.test_geometry_validation" name="test_supported_geometry_passes_at_multiple_stage2_scales[circle-0.25]" time="0.004" /><testcase classname="tests.test_geometry_validation" name="test_supported_geometry_passes_at_multiple_stage2_scales[arc-1.0]" time="0.004" /><testcase classname="tests.test_geometry_validation" name="test_supported_geometry_passes_at_multiple_stage2_scales[arc-0.5]" time="0.004" /><testcase classname="tests.test_geometry_validation" name="test_supported_geometry_passes_at_multiple_stage2_scales[arc-0.25]" time="0.004" /><testcase classname="tests.test_geometry_validation" name="test_supported_geometry_passes_at_multiple_stage2_scales[ellipse-1.0]" time="0.006" /><testcase classname="tests.test_geometry_validation" name="test_supported_geometry_passes_at_multiple_stage2_scales[ellipse-0.5]" time="0.005" /><testcase classname="tests.test_geometry_validation" name="test_supported_geometry_passes_at_multiple_stage2_scales[ellipse-0.25]" time="0.005" /><testcase classname="tests.test_geometry_validation" name="test_supported_geometry_passes_at_multiple_stage2_scales[bezier-1.0]" time="0.004" /><testcase classname="tests.test_geometry_validation" name="test_supported_geometry_passes_at_multiple_stage2_scales[bezier-0.5]" time="0.004" /><testcase classname="tests.test_geometry_validation" name="test_supported_geometry_passes_at_multiple_stage2_scales[bezier-0.25]" time="0.003" /><testcase classname="tests.test_geometry_validation" name="test_supported_geometry_passes_at_multiple_stage2_scales[polyline-1.0]" time="0.003" /><testcase classname="tests.test_geometry_validation" name="test_supported_geometry_passes_at_multiple_stage2_scales[polyline-0.5]" time="0.003" /><testcase classname="tests.test_geometry_validation" name="test_supported_geometry_passes_at_multiple_stage2_scales[polyline-0.25]" time="0.003" /><testcase classname="tests.test_geometry_validation" name="test_supported_geometry_passes_at_multiple_stage2_scales[polygon-1.0]" time="0.004" /><testcase classname="tests.test_geometry_validation" name="test_supported_geometry_passes_at_multiple_stage2_scales[polygon-0.5]" time="0.004" /><testcase classname="tests.test_geometry_validation" name="test_supported_geometry_passes_at_multiple_stage2_scales[polygon-0.25]" time="0.003" /><testcase classname="tests.test_geometry_validation" name="test_supported_geometry_passes_at_multiple_stage2_scales[path-1.0]" time="0.004" /><testcase classname="tests.test_geometry_validation" name="test_supported_geometry_passes_at_multiple_stage2_scales[path-0.5]" time="0.003" /><testcase classname="tests.test_geometry_validation" name="test_supported_geometry_passes_at_multiple_stage2_scales[path-0.25]" time="0.003" /><testcase classname="tests.test_geometry_validation" name="test_high_confidence_partial_arc_cannot_support_a_whole_circle" time="0.005" /><testcase classname="tests.test_geometry_validation" name="test_closed_flag_alone_does_not_certify_noncycle_topology" time="0.005" /><testcase classname="tests.test_geometry_validation" name="test_other_edges_cannot_lend_support_to_an_unrelated_primitive" time="0.004" /><testcase classname="tests.test_geometry_validation" name="test_short_line_cannot_hide_missing_source_trace" time="0.003" /><testcase classname="tests.test_geometry_validation" name="test_reversed_source_trace_does_not_cause_an_endpoint_failure" time="0.003" /><testcase classname="tests.test_geometry_validation" name="test_small_but_long_unsupported_interval_cannot_hide_below_p95" time="0.005" /><testcase classname="tests.test_geometry_validation" name="test_path_bridge_and_dxf_endpoint_gap_are_not_invisible_to_validation" time="0.003" /><testcase classname="tests.test_geometry_validation" name="test_stage2_cannot_lose_strokes_without_raster_coverage_failure" time="0.003" /><testcase classname="tests.test_geometry_validation" name="test_main_source_ownership_is_exact_once[missing]" time="0.001" /><testcase classname="tests.test_geometry_validation" name="test_main_source_ownership_is_exact_once[duplicate]" time="0.004" /><testcase classname="tests.test_geometry_validation" name="test_main_source_ownership_is_exact_once[unknown_id]" time="0.001" /><testcase classname="tests.test_geometry_validation" name="test_main_source_ownership_is_exact_once[duplicate_graph_id]" time="0.001" /><testcase classname="tests.test_geometry_validation" name="test_hatch_edges_use_indices_not_colliding_main_edge_ids" time="0.006" /><testcase classname="tests.test_geometry_validation" name="test_hatch_region_accounting_is_not_a_pattern_fidelity_pass" time="0.003" /><testcase classname="tests.test_geometry_validation" name="test_invalid_geometry_or_coordinate_frame_fails_closed[nan]" time="0.001" /><testcase classname="tests.test_geometry_validation" name="test_invalid_geometry_or_coordinate_frame_fails_closed[scale]" time="0.001" /><testcase classname="tests.test_geometry_validation" name="test_invalid_geometry_or_coordinate_frame_fails_closed[shape]" time="0.001" /><testcase classname="tests.test_geometry_validation" name="test_invalid_geometry_or_coordinate_frame_fails_closed[zero_length]" time="0.001" /><testcase classname="tests.test_geometry_validation" name="test_sampling_budget_does_not_silently_reduce_validation_resolution" time="0.001" /><testcase classname="tests.test_geometry_validation" name="test_raster_is_required_for_a_full_geometry_pass" time="0.002" /><testcase classname="tests.test_geometry_validation" name="test_run_binds_exact_input_files_and_saves_report" time="0.006" /><testcase classname="tests.test_geometry_validation" name="test_confirmed_patent_circles_are_rejected_using_their_original_pixels" time="0.006" /><testcase classname="tests.test_geometry_validation" name="test_translation_and_rotation_preserve_supported_line_decisions[0]" time="0.003" /><testcase classname="tests.test_geometry_validation" name="test_translation_and_rotation_preserve_supported_line_decisions[90]" time="0.003" /><testcase classname="tests.test_geometry_validation" name="test_translation_and_rotation_preserve_supported_line_decisions[180]" time="0.003" /><testcase classname="tests.test_geometry_validation" name="test_translation_and_rotation_preserve_supported_line_decisions[270]" time="0.003" /><testcase classname="tests.test_hachure_export_preservation" name="test_region_does_not_swallow_outside_hatch_edges[False]" time="0.002" /><testcase classname="tests.test_hachure_export_preservation" name="test_region_does_not_swallow_outside_hatch_edges[True]" time="0.002" /><testcase classname="tests.test_hachure_export_preservation" name="test_membership_is_not_trusted_when_an_edge_extends_outside_region" time="0.002" /><testcase classname="tests.test_hachure_export_preservation" name="test_declared_region_does_not_claim_unlisted_edges" time="0.002" /><testcase classname="tests.test_hachure_export_preservation" name="test_curved_uncovered_hatch_keeps_its_trace_instead_of_a_short_line" time="0.001" /><testcase classname="tests.test_hachure_export_preservation" name="test_invalid_region_cannot_claim_edges_or_prevent_fallback" time="0.002" /><testcase classname="tests.test_hachure_export_preservation" name="test_one_edge_is_owned_only_once_when_regions_overlap" time="0.001" /><testcase classname="tests.test_hachure_export_preservation" name="test_unrepresentable_hatch_is_reported_and_flags_stage3" time="0.004" /><testcase classname="tests.test_hatch_stroke_targets" name="test_crossing_pixel_is_multilabel_and_arms_remain_exclusive" time="0.001" /><testcase classname="tests.test_hatch_stroke_targets" name="test_target_union_is_lossless_and_annotation_masks_are_excluded" time="0.001" /><testcase classname="tests.test_hatch_stroke_targets" name="test_target_builder_rejects_invalid_radius_and_shape" time="0.001" /><testcase classname="tests.test_hatch_stroke_targets" name="test_validator_rejects_an_unassigned_skeleton_pixel" time="0.001" /><testcase classname="tests.test_hatch_stroke_targets" name="test_exporter_is_deterministic_and_resumes_valid_samples" time="0.007" /><testcase classname="tests.test_hatch_stroke_targets" name="test_hatch_unet_keeps_legacy_default_and_supports_two_channels" time="0.310" /><testcase classname="tests.test_hatch_stroke_targets" name="test_masked_loss_has_finite_gradients_only_for_supplied_ink" time="0.113" /><testcase classname="tests.test_hatch_stroke_targets" name="test_masked_loss_ignores_unsupervised_channel_pixels" time="0.002" /><testcase classname="tests.test_hatch_stroke_targets" name="test_metrics_measure_safe_hatch_removal_without_structural_damage" time="0.001" /><testcase classname="tests.test_hatch_stroke_targets" name="test_metrics_ignore_predictions_without_channel_supervision" time="0.001" /><testcase classname="tests.test_hatch_stroke_targets" name="test_difficulty_recall_gate_supports_explicit_baseline_floors" time="0.001" /><testcase classname="tests.test_hatch_stroke_targets" name="test_difficulty_recall_floor_parser_rejects_invalid_or_unknown_groups" time="0.001" /><testcase classname="tests.test_hatch_stroke_targets" name="test_checkpoint_rank_enforces_structural_recall_before_hatch_score" time="0.001" /><testcase classname="tests.test_hatch_stroke_targets" name="test_structural_negative_weight_penalizes_hatch_only_false_positive" time="0.001" /><testcase classname="tests.test_hatch_stroke_targets" name="test_checkpoint_rank_enforces_structural_removal_error_gate" time="0.001" /><testcase classname="tests.test_hatch_stroke_targets" name="test_safe_removal_histogram_calibrates_preservation_policy" time="0.001" /><testcase classname="tests.test_hatch_stroke_targets" name="test_difficulty_allocation_is_exact_and_weighted_to_very_hard" time="0.001" /><testcase classname="tests.test_hatch_stroke_targets" name="test_domain_schedule_balances_real_supply_before_difficulty_supply" time="0.001" /><testcase classname="tests.test_patent_fidelity" name="test_fidelity_is_exact_for_identical_geometry" time="0.001" /><testcase classname="tests.test_patent_fidelity" name="test_fidelity_separates_missing_geometry_from_precision" time="0.001" /><testcase classname="tests.test_patent_sheet_compositor" name="test_kps_land_on_object_skeleton" time="0.003" /><testcase classname="tests.test_patent_sheet_compositor" name="test_no_kp_labeled_as_annotation" time="0.003" /><testcase classname="tests.test_patent_sheet_compositor" name="test_semantic_layers_present" time="0.005" /><testcase classname="tests.test_patent_sheet_compositor" name="test_no_border_no_numerals" time="0.006" /><testcase classname="tests.test_patent_sheet_compositor" name="test_translation_preserves_kp_count" time="0.001" /><testcase classname="tests.test_preservation_audit" name="test_preservation_audit_accepts_complete_unique_ownership" time="0.019" /><testcase classname="tests.test_preservation_audit" name="test_preservation_audit_catches_missing_duplicate_or_invalid_ownership[indices0]" time="0.016" /><testcase classname="tests.test_preservation_audit" name="test_preservation_audit_catches_missing_duplicate_or_invalid_ownership[indices1]" time="0.016" /><testcase classname="tests.test_preservation_audit" name="test_preservation_audit_catches_missing_duplicate_or_invalid_ownership[indices2]" time="0.020" /><testcase classname="tests.test_preservation_audit" name="test_preservation_audit_does_not_reinject_unremoved_labels" time="0.016" /><testcase classname="tests.test_puhachov_streaming" name="test_global_focal_normalization_preserves_default_reduction" time="0.001" /><testcase classname="tests.test_puhachov_streaming" name="test_sample_class_focal_equals_mean_of_independent_channel_losses" time="0.002" /><testcase classname="tests.test_puhachov_streaming" name="test_distributed_sampler_covers_dataset_with_bounded_padding" time="0.001" /><testcase classname="tests.test_puhachov_streaming" name="test_distributed_sampler_resume_offset_is_per_rank" time="0.001" /><testcase classname="tests.test_puhachov_streaming" name="test_exact_mix_contains_every_sketchgraphs_index_once" time="0.001" /><testcase classname="tests.test_puhachov_streaming" name="test_exact_cached_mix_covers_every_secondary_label" time="0.003" /><testcase classname="tests.test_puhachov_streaming" name="test_exact_replay_mix_preserves_real_domains_and_secondary_coverage" time="0.001" /><testcase classname="tests.test_puhachov_streaming" name="test_cached_augmentation_is_deterministic_for_epoch_and_index" time="0.003" /><testcase classname="tests.test_puhachov_streaming" name="test_coverage_summary_and_rejection_export" time="0.002" /><testcase classname="tests.test_puhachov_streaming" name="test_exact_eval_sampler_has_no_padding_or_duplicates" time="0.001" /><testcase classname="tests.test_puhachov_streaming" name="test_streaming_match_counts_uses_per_class_greedy_matching" time="0.001" /><testcase classname="tests.test_real_hatch_stroke_targets" name="test_real_targets_keep_crossing_multilabel_and_ignore_uncertain_region_ink" time="0.001" /><testcase classname="tests.test_real_hatch_stroke_targets" name="test_real_targets_supervise_negative_figure_as_structural_only" time="0.001" /><testcase classname="tests.test_real_hatch_stroke_targets" name="test_real_targets_do_not_create_hatch_negatives_for_main_only_region_ink" time="0.001" /><testcase classname="tests.test_real_hatch_stroke_targets" name="test_boundary_ignore_is_computed_from_area_not_one_pixel_ink" time="0.001" /><testcase classname="tests.test_real_hatch_stroke_targets" name="test_manual_teacher_enables_geometric_selector_for_nohachure_graph" time="0.001" /><testcase classname="tests.test_real_hatch_stroke_targets" name="test_consensus_teacher_keeps_only_periodic_candidate_pixels" time="0.001" /><testcase classname="tests.test_real_hatch_stroke_targets" name="test_region_teacher_policy_preserves_all_candidate_support" time="0.001" /><testcase classname="tests.test_real_hatch_stroke_targets" name="test_teacher_status_rejects_quality_gates" time="0.001" /><testcase classname="tests.test_real_hatch_stroke_targets" name="test_pipeline_status_loader_reads_sharded_databases" time="0.004" /><testcase classname="tests.test_reference_roundtrip" name="test_ocr_reference_identity_survives_json_and_dxf[12-ocr_numeral]" time="0.031" /><testcase classname="tests.test_reference_roundtrip" name="test_ocr_reference_identity_survives_json_and_dxf[A2-ocr_reference]" time="0.030" /><testcase classname="tests.test_reference_roundtrip" name="test_svg_prefers_crop_without_drawing_the_same_text_twice" time="0.003" /><testcase classname="tests.test_reference_roundtrip" name="test_svg_can_render_text_without_a_duplicate_crop[False]" time="0.002" /><testcase classname="tests.test_reference_roundtrip" name="test_svg_can_render_text_without_a_duplicate_crop[True]" time="0.003" /><testcase classname="tests.test_reference_roundtrip" name="test_unknown_reference_is_preserved_as_crop_not_invented_text" time="0.029" /><testcase classname="tests.test_replay_patent_stage3_stage4" name="test_replay_selection_preserves_rows_that_never_reached_stage3" time="0.001" /><testcase classname="tests.test_replay_patent_stage3_stage4" name="test_stage3_quality_ignores_hachures_and_applies_relaxed_gate" time="0.001" /><testcase classname="tests.test_residual_curve_repair" name="test_repair_preserves_pixels_and_each_local_adjacency_once[arc]" time="0.002" /><testcase classname="tests.test_residual_curve_repair" name="test_repair_preserves_pixels_and_each_local_adjacency_once[cross]" time="0.003" /><testcase classname="tests.test_residual_curve_repair" name="test_repair_preserves_pixels_and_each_local_adjacency_once[tee]" time="0.002" /><testcase classname="tests.test_residual_curve_repair" name="test_repair_preserves_pixels_and_each_local_adjacency_once[staircase]" time="0.002" /><testcase classname="tests.test_residual_curve_repair" name="test_repair_preserves_pixels_and_each_local_adjacency_once[loop_and_branch]" time="0.003" /><testcase classname="tests.test_residual_curve_repair" name="test_repair_preserves_pixels_and_each_local_adjacency_once[grid]" time="0.015" /><testcase classname="tests.test_residual_curve_repair" name="test_simplification_keeps_short_recovered_branch_and_long_continuation" time="0.001" /><testcase classname="tests.test_residual_curve_repair" name="test_untouched_graph_is_an_exact_noop" time="0.001" /><testcase classname="tests.test_residual_curve_repair" name="test_confirmed_patent_false_circles_become_supported_arcs" time="0.006" /><testcase classname="tests.test_residual_curve_repair" name="test_partial_curve_cannot_promote_a_full_circle_or_ellipse[False-circle]" time="0.002" /><testcase classname="tests.test_residual_curve_repair" name="test_partial_curve_cannot_promote_a_full_circle_or_ellipse[False-ellipse]" time="0.002" /><testcase classname="tests.test_residual_curve_repair" name="test_partial_curve_cannot_promote_a_full_circle_or_ellipse[True-circle]" time="0.017" /><testcase classname="tests.test_residual_curve_repair" name="test_partial_curve_cannot_promote_a_full_circle_or_ellipse[True-ellipse]" time="0.009" /><testcase classname="tests.test_residual_curve_repair" name="test_full_supported_curves_keep_their_analytic_representation[0-circle]" time="0.006" /><testcase classname="tests.test_residual_curve_repair" name="test_full_supported_curves_keep_their_analytic_representation[0-ellipse]" time="0.006" /><testcase classname="tests.test_residual_curve_repair" name="test_full_supported_curves_keep_their_analytic_representation[35-circle]" time="0.006" /><testcase classname="tests.test_residual_curve_repair" name="test_full_supported_curves_keep_their_analytic_representation[35-ellipse]" time="0.006" /><testcase classname="tests.test_residual_curve_repair" name="test_full_supported_curves_keep_their_analytic_representation[90-circle]" time="0.006" /><testcase classname="tests.test_residual_curve_repair" name="test_full_supported_curves_keep_their_analytic_representation[90-ellipse]" time="0.006" /><testcase classname="tests.test_residual_curve_repair" name="test_unrepaired_legacy_network_never_enters_closed_shape_cascade" time="0.001" /><testcase classname="tests.test_residual_curve_repair" name="test_recovered_long_line_survives_truncated_smoothing" time="0.003" /><testcase classname="tests.test_residual_curve_repair" name="test_recovered_bent_chain_uses_supported_trace_when_smoothing_cuts_corner" time="0.007" /><testcase classname="tests.test_residual_curve_repair" name="test_recovered_arc_refits_raw_source_instead_of_shifted_spline" time="0.004" /><testcase classname="tests.test_residual_curve_repair" name="test_source_guard_also_repairs_unsupported_nonresidual_fits" time="0.002" /><testcase classname="tests.test_residual_curve_repair" name="test_recovered_hatch_region_preserves_explicit_strokes_without_hull_fill[False]" time="0.003" /><testcase classname="tests.test_residual_curve_repair" name="test_recovered_hatch_region_preserves_explicit_strokes_without_hull_fill[True]" time="0.003" /><testcase classname="tests.test_residual_curve_repair" name="test_recovered_hatch_without_region_preserves_bent_source" time="0.001" /><testcase classname="tests.test_select_hatch_stroke_policy" name="test_joint_policy_requires_eligibility_on_every_dataset" time="0.001" /><testcase classname="tests.test_select_hatch_stroke_policy" name="test_joint_policy_optimizes_worst_case_f1" time="0.001" /><testcase classname="tests.test_select_hatch_stroke_policy" name="test_joint_policy_rejects_mixed_checkpoints" time="0.001" /><testcase classname="tests.test_sketchgraphs_dataset" name="test_open_circle_fragment_becomes_arc_training_sample" time="0.001" /><testcase classname="tests.test_sketchgraphs_dataset" name="test_closed_circle_uses_extracted_edge_geometry" time="0.001" /><testcase classname="tests.test_sketchgraphs_dataset" name="test_incomplete_closed_circle_is_rejected" time="0.001" /><testcase classname="tests.test_sketchgraphs_dataset" name="test_raster_straight_circle_fragment_becomes_line" time="0.001" /><testcase classname="tests.test_sketchgraphs_dataset" name="test_restart_safe_shard_and_progress_aggregation" time="0.003" /><testcase classname="tests.test_source_fit_repair" name="test_real_unsupported_fits_are_repaired_against_unchanged_source[EP2565056B1_202]" time="0.008" /><testcase classname="tests.test_source_fit_repair" name="test_real_unsupported_fits_are_repaired_against_unchanged_source[EP3082506B1_54]" time="0.019" /><testcase classname="tests.test_source_fit_repair" name="test_real_unsupported_fits_are_repaired_against_unchanged_source[EP3082506B1_58]" time="0.015" /><testcase classname="tests.test_source_fit_repair" name="test_tolerated_path_gap_is_still_anchored_for_actual_continuity" time="0.004" /><testcase classname="tests.test_source_fit_repair" name="test_raw_fallback_cannot_certify_an_unsupported_gap" time="0.005" /><testcase classname="tests.test_source_fit_repair" name="test_already_supported_analytic_geometry_is_unchanged" time="0.001" /><testcase classname="tests.test_source_fit_repair" name="test_legacy_hatch_without_region_metadata_keeps_its_complete_source[EP1839350B1_88]" time="0.003" /><testcase classname="tests.test_source_fit_repair" name="test_legacy_hatch_without_region_metadata_keeps_its_complete_source[EP1839350B1_89]" time="0.003" /><testcase classname="tests.test_source_fit_repair" name="test_legacy_hatch_without_region_metadata_keeps_its_complete_source[EP1839350B1_93]" time="0.003" /><testcase classname="tests.test_source_fit_repair" name="test_endpoint_anchoring_retains_exact_arc_when_already_constrained" time="0.002" /><testcase classname="tests.test_stage0_cc_recovery" name="test_recovers_isolated_numerals" time="0.007" /><testcase classname="tests.test_stage0_cc_recovery" name="test_rejects_numeral_embedded_in_geometry" time="0.002" /><testcase classname="tests.test_stage0_cc_recovery" name="test_no_recovery_without_ocr_hits" time="0.001" /><testcase classname="tests.test_stage2_coverage" name="test_ledger_identifies_the_operation_and_exact_lost_coordinates" time="0.002" /><testcase classname="tests.test_stage2_coverage" name="test_source_recovery_preserves_shapes_without_off_source_links[points0]" time="0.003" /><testcase classname="tests.test_stage2_coverage" name="test_source_recovery_preserves_shapes_without_off_source_links[points1]" time="0.003" /><testcase classname="tests.test_stage2_coverage" name="test_source_recovery_preserves_shapes_without_off_source_links[points2]" time="0.033" /><testcase classname="tests.test_stage2_coverage" name="test_source_recovery_preserves_shapes_without_off_source_links[points3]" time="0.005" /><testcase classname="tests.test_stage2_coverage" name="test_two_disconnected_strokes_are_never_bridged" time="0.001" /><testcase classname="tests.test_stage2_coverage" name="test_source_halo_recovers_one_missing_pixel_and_reuses_endpoint_nodes" time="0.001" /><testcase classname="tests.test_stage2_coverage" name="test_hatch_ownership_is_not_recovered_again_as_main_geometry" time="0.001" /><testcase classname="tests.test_stage2_coverage" name="test_recovery_budgets_retain_unresolved_evidence[limits0]" time="0.001" /><testcase classname="tests.test_stage2_coverage" name="test_recovery_budgets_retain_unresolved_evidence[limits1]" time="0.002" /><testcase classname="tests.test_stage2_coverage" name="test_singleton_is_accounted_but_never_claimed_as_rendered_or_noise" time="0.003" /><testcase classname="tests.test_stage2_coverage" name="test_coverage_accounting_cannot_override_independent_source_evidence[hide_residual]" time="0.003" /><testcase classname="tests.test_stage2_coverage" name="test_coverage_accounting_cannot_override_independent_source_evidence[wrong_hash]" time="0.003" /><testcase classname="tests.test_stage2_coverage" name="test_coverage_accounting_cannot_override_independent_source_evidence[counters]" time="0.003" /><testcase classname="tests.test_stage2_coverage" name="test_coverage_accounting_cannot_override_independent_source_evidence[duplicate_span]" time="0.003" /><testcase classname="tests.test_stage2_coverage" name="test_full_stage2_preserves_small_non_circular_loops" time="0.004" /><testcase classname="tests.test_stage2_coverage" name="test_small_unclaimed_open_component_is_not_skipped" time="0.001" /><testcase classname="tests.test_stage2_coverage" name="test_hatch_deduplication_never_discards_unique_source_ink[False]" time="0.001" /><testcase classname="tests.test_stage2_coverage" name="test_hatch_deduplication_never_discards_unique_source_ink[True]" time="0.001" /><testcase classname="tests.test_stage2_coverage" name="test_working_grid_accounting_does_not_claim_original_resolution_validation" time="0.001" /><testcase classname="tests.test_stage2_coverage" name="test_node_proximity_alone_is_not_rendered_coverage" time="0.001" /><testcase classname="tests.test_stage2_dashed_grouping" name="test_dashed_line_and_circle_group" time="0.009" /><testcase classname="tests.test_stage2_dashed_grouping" name="test_parallel_lines_not_merged" time="0.009" /><testcase classname="tests.test_stage2_dashed_grouping" name="test_solid_line_and_stray_dash_untouched" time="0.009" /><testcase classname="tests.test_stage2_dashed_grouping" name="test_disabled_is_noop" time="0.001" /><testcase classname="tests.test_stage2_dashed_grouping" name="test_circle_center_recovered" time="0.008" /><testcase classname="tests.test_stage2_dashed_grouping" name="test_floating_noise_pruned" time="0.001" /><testcase classname="tests.test_stage2_dashed_grouping" name="test_noise_prune_spares_connected_short_edges" time="0.001" /><testcase classname="tests.test_stage2_dashed_grouping" name="test_noise_prune_disabled_is_noop" time="0.001" /><testcase classname="tests.test_stage2_hachure_regions" name="test_single_angle_region" time="0.004" /><testcase classname="tests.test_stage2_hachure_regions" name="test_cross_hatch_region" time="0.007" /><testcase classname="tests.test_stage2_hachure_regions" name="test_two_separate_regions_not_merged" time="0.007" /><testcase classname="tests.test_stage2_topology" name="test_explicit_cn_clusters_match_default" time="0.026" /><testcase classname="tests.test_stage2_topology" name="test_rectangle_is_single_closed_loop" time="0.004" /><testcase classname="tests.test_stage2_topology" name="test_line_has_two_endpoints_one_open_edge" time="0.004" /><testcase classname="tests.test_stage2_topology" name="test_unclaimed_rectangle_is_marked_as_simple_cycle" time="0.001" /><testcase classname="tests.test_stage2_topology" name="test_unclaimed_branched_network_is_split_into_open_paths" time="0.001" /><testcase classname="tests.test_stage2_topology" name="test_directional_walk_routes_unseeded_crossing_straight_through" time="0.001" /><testcase classname="tests.test_stage2_topology" name="test_tee_has_one_junction_three_endpoints" time="0.004" /><testcase classname="tests.test_stage2_topology" name="test_two_arc_circle_keeps_parallel_edges" time="0.004" /><testcase classname="tests.test_stage2_topology" name="test_closed_loop_smoothing_keeps_unordered_pixels_untouched" time="0.005" /><testcase classname="tests.test_stage2_topology" name="test_simplify_graph_preserves_explicit_corner_split" time="0.003" /><testcase classname="tests.test_stage2_topology" name="test_clusters_from_points_snap_onto_skeleton" time="0.001" /><testcase classname="tests.test_stage2_topology" name="test_clusters_from_points_dedupes_and_drops_far_points" time="0.001" /><testcase classname="tests.test_stage2_topology" name="test_simplify_graph_has_no_dangling_references" time="0.023" /><testcase classname="tests.test_stage2_topology" name="test_hachure_pixel_subtraction_preserves_shared_crossing" time="0.001" /><testcase classname="tests.test_stage2_topology" name="test_hachure_gap_repair_restores_contour_but_not_hatch_direction" time="0.002" /><testcase classname="tests.test_stage2_topology" name="test_hachure_gap_repair_does_not_invent_missing_raster_geometry" time="0.001" /><testcase classname="tests.test_stage2_topology" name="test_hachure_topology_prepass_removes_hatch_branch_before_main_graph" time="0.003" /><testcase classname="tests.test_stage2_topology" name="test_cnn_geometric_intersection_keeps_long_contour" time="0.003" /><testcase classname="tests.test_stage2_topology" name="test_hatch_additive_mask_excludes_region_evidence" time="0.001" /><testcase classname="tests.test_stage2_topology" name="test_hatch_additive_mask_supports_missing_region" time="0.001" /><testcase classname="tests.test_stage2_topology" name="test_hough_hachure_mask_selects_periodic_family_not_single_contour" time="0.008" /><testcase classname="tests.test_stage2_topology" name="test_hough_hachure_mask_rejects_two_parallel_structural_lines" time="0.001" /><testcase classname="tests.test_stage2_topology" name="test_simplification_restores_closed_cycle_split_by_temporary_nodes" time="0.001" /><testcase classname="tests.test_stage2_topology" name="test_longer_tangent_baseline_routes_through_noisy_junction" time="0.001" /><testcase classname="tests.test_stage2_topology" name="test_hatch_bridge_junction_preserves_structural_crossing_continuity" time="0.002" /><testcase classname="tests.test_stage2_topology" name="test_hatch_cn_endpoint_recovery_tracks_only_masked_stroke" time="0.001" /><testcase classname="tests.test_stage2_topology" name="test_mixed_hatch_junction_filter_rejects_hatch_crossing_and_mask_touch" time="0.007" /><testcase classname="tests.test_stage2_topology" name="test_hough_routing_splits_cross_before_hatch_cleanup" time="0.003" /><testcase classname="tests.test_stage2_topology" name="test_hough_routing_keeps_true_tee_contour_after_branch_cleanup" time="0.003" /><testcase classname="tests.test_stage2_topology" name="test_cn_endpoint_recovery_excludes_hatch_and_deduplicates_learned_seed" time="0.001" /><testcase classname="tests.test_stage2_topology" name="test_closed_only_unclaimed_keeps_cycle_and_drops_open_hatch" time="0.001" /><testcase classname="tests.test_stage2_topology" name="test_hachure_side_layer_dedup_keeps_crossing_distinct_lines" time="0.001" /><testcase classname="tests.test_stage2_topology" name="test_cnn_hachure_removal_combines_seed_and_strong_mask_evidence" time="0.001" /><testcase classname="tests.test_stage2_topology" name="test_multilabel_hatch_prepass_preserves_crossing_structure" time="0.002" /><testcase classname="tests.test_stage2_topology" name="test_multilabel_hatch_prepass_guard_rejects_destructive_mask" time="0.001" /><testcase classname="tests.test_stage2_topology" name="test_multilabel_hatch_postmask_is_non_destructive_and_structural_vetoed" time="0.001" /><testcase classname="tests.test_stage2_topology" name="test_hatch_region_residue_is_preserved_as_side_layer" time="0.001" /><testcase classname="tests.test_stage3_compound_path" name="test_lshape_two_lines_sharp_corner" time="0.006" /><testcase classname="tests.test_stage3_compound_path" name="test_zigzag_three_lines" time="0.005" /><testcase classname="tests.test_stage3_compound_path" name="test_quarter_circle_is_arc" time="0.002" /><testcase classname="tests.test_stage3_compound_path" name="test_scurve_is_smooth_not_linesoup" time="0.008" /><testcase classname="tests.test_stage3_compound_path" name="test_ill_conditioned_bezier_handles_stay_local_to_source_chain" time="0.002" /><testcase classname="tests.test_stage3_compound_path" name="test_compound_path_rejects_one_bad_segment_hidden_by_good_average" time="0.002" /><testcase classname="tests.test_stage3_compound_path" name="test_compound_path_uses_configurable_endpoint_fidelity" time="0.003" /><testcase classname="tests.test_stage3_compound_path" name="test_compound_promotion_cannot_discard_a_short_endpoint_hook" time="0.020" /><testcase classname="tests.test_stage3_compound_path" name="test_straight_line_stays_single_line" time="0.001" /><testcase classname="tests.test_stage3_compound_path" name="test_compound_path_is_fallback_only" time="0.002" /><testcase classname="tests.test_stage3_compound_path" name="test_opt_in_compound_path_can_replace_a_weak_single_fit" time="0.014" /><testcase classname="tests.test_stage3_compound_path" name="test_opt_in_compound_path_respects_complexity_cap" time="0.011" /><testcase classname="tests.test_stage3_compound_path" name="test_opt_in_closed_trace_replaces_raw_fixed_confidence_fallback" time="0.885" /><testcase classname="tests.test_stage3_compound_path" name="test_clean_closed_polygon_does_not_expand_to_bounded_trace" time="0.072" /><testcase classname="tests.test_stage3_compound_path" name="test_closed_trace_rejects_a_candidate_that_misses_fidelity_target" time="0.003" /><testcase classname="tests.test_stage3_compound_path" name="test_closed_trace_fidelity_rejection_preserves_exact_raw_fallback" time="0.306" /><testcase classname="tests.test_stage3_compound_path" name="test_shuffled_closed_loop_uses_exact_local_traversal" time="0.001" /><testcase classname="tests.test_stage3_compound_path" name="test_branched_pseudo_loop_has_linear_bounded_adjacency_trace" time="0.043" /><testcase classname="tests.test_stage4_pixel_center" name="test_svg_exports_raster_indices_at_pixel_centers" time="0.004" /><testcase classname="tests.test_stage4_pixel_center" name="test_dxf_uses_the_same_pixel_center_conversion" time="0.030" /><testcase classname="tests.test_stage4_pixel_center" name="test_stage4_only_rescore_uses_archived_primitives" time="0.453" /><testcase classname="tests.test_stage4_pixel_center" name="test_compound_path_orients_first_arc_toward_following_segment" time="0.001" /><testcase classname="tests.test_synthetic_patentvec" name="test_similarity_transform_preserves_circle" time="0.001" /><testcase classname="tests.test_synthetic_patentvec" name="test_t_junction_splits_visible_but_preserves_amodal_source" time="0.005" /><testcase classname="tests.test_synthetic_patentvec" name="test_all_core_interactions_validate" time="0.022" /><testcase classname="tests.test_synthetic_patentvec" name="test_connected_crossing_and_bridge_create_exact_cycle" time="0.007" /><testcase classname="tests.test_synthetic_patentvec" name="test_source_connected_groups_have_canonical_order" time="0.001" /><testcase classname="tests.test_synthetic_patentvec" name="test_free2cad_aggregates_shallow_line_chain_without_conflicting_lines" time="0.002" /><testcase classname="tests.test_synthetic_patentvec" name="test_procedural_polyline_motif_has_exact_class_supply" time="0.003" /><testcase classname="tests.test_synthetic_patentvec" name="test_compact_payload_contains_training_contract_and_audit_subset" time="0.110" /><testcase classname="tests.test_synthetic_patentvec" name="test_complex_patent_layers_remain_semantically_separate" time="0.039" /><testcase classname="tests.test_synthetic_patentvec" name="test_vertical_slice_renders_masks_and_training_contracts" time="0.095" /><testcase classname="tests.test_synthetic_topology_contract" name="test_hatch_endpoints_are_reported_when_exact_labels_omit_them" time="0.001" /><testcase classname="tests.test_synthetic_topology_contract" name="test_nearby_exact_endpoint_marks_hatch_support_as_matched" time="0.001" /><testcase classname="tests.test_synthetic_topology_contract" name="test_supported_raster_topology_matches_production_cn_clusters" time="0.001" /><testcase classname="tests.test_synthetic_topology_contract" name="test_supported_raster_topology_ignores_annotation_only_components" time="0.001" /><testcase classname="tests.test_synthetic_topology_contract" name="test_supported_raster_topology_adds_hatches_and_preserves_remote_corners" time="0.001" /><testcase classname="tests.test_synthetic_topology_contract" name="test_relabel_payload_records_contract_and_is_deterministic" time="0.004" /><testcase classname="tests.test_synthetic_topology_contract" name="test_reference_free_payload_removes_annotation_branch_before_cn_labels" time="0.003" /><testcase classname="tests.test_synthetic_topology_contract" name="test_hatch_suppressed_payload_keeps_hatch_as_unlabelled_distractor" time="0.003" /><testcase classname="tests.test_synthetic_training_export" name="test_source_index_split_is_stable_for_paired_curricula" time="0.003" /><testcase classname="tests.test_synthetic_training_export" name="test_free2cad_ab_allocation_uses_shared_minimum_synthetic_supply" time="0.001" /><testcase classname="tests.test_synthetic_training_export" name="test_free2cad_ab_variants_receive_the_same_class_schedule" time="0.001" /><testcase classname="tests.test_synthetic_training_export" name="test_paired_statistics_measure_within_seed_complexity_delta" time="0.001" /><testcase classname="tests.test_synthetic_training_export" name="test_unpaired_statistics_do_not_assume_retry_seed_pairing" time="0.001" /><testcase classname="tests.test_synthetic_training_export" name="test_visual_audit_stratification_does_not_alias_curriculum_period" time="0.001" /><testcase classname="tests.test_synthetic_training_export" name="test_compact_archive_exports_to_both_native_training_layouts" time="0.009" /><testcase classname="tests.test_synthetic_training_export" name="test_compact_archive_can_export_relabelled_stage2_only" time="0.005" /></testsuite></testsuites>